c:\opencascade-7.7.0-vc14-64\opencascade-7.7.0\samples\qt\flighttechaerodynamics\win64\vc143\mocd\moc_application.cpp
c:\opencascade-7.7.0-vc14-64\opencascade-7.7.0\samples\qt\flighttechaerodynamics\win64\vc143\mocd\moc_applicationcommon.cpp
c:\opencascade-7.7.0-vc14-64\opencascade-7.7.0\samples\qt\flighttechaerodynamics\win64\vc143\mocd\moc_applicationtut.cpp
c:\opencascade-7.7.0-vc14-64\opencascade-7.7.0\samples\qt\flighttechaerodynamics\win64\vc143\mocd\moc_cairfoildesignerwindow.cpp
c:\opencascade-7.7.0-vc14-64\opencascade-7.7.0\samples\qt\flighttechaerodynamics\win64\vc143\mocd\moc_documentcommon.cpp
c:\opencascade-7.7.0-vc14-64\opencascade-7.7.0\samples\qt\flighttechaerodynamics\win64\vc143\mocd\moc_documenttut.cpp
c:\opencascade-7.7.0-vc14-64\opencascade-7.7.0\samples\qt\flighttechaerodynamics\win64\vc143\mocd\moc_mdiwindow.cpp
c:\opencascade-7.7.0-vc14-64\opencascade-7.7.0\samples\qt\flighttechaerodynamics\win64\vc143\mocd\moc_material.cpp
c:\opencascade-7.7.0-vc14-64\opencascade-7.7.0\samples\qt\flighttechaerodynamics\win64\vc143\mocd\moc_translate.cpp
c:\opencascade-7.7.0-vc14-64\opencascade-7.7.0\samples\qt\flighttechaerodynamics\win64\vc143\mocd\moc_transparency.cpp
c:\opencascade-7.7.0-vc14-64\opencascade-7.7.0\samples\qt\flighttechaerodynamics\win64\vc143\mocd\moc_view.cpp
c:\opencascade-7.7.0-vc14-64\opencascade-7.7.0\samples\qt\flighttechaerodynamics\win64\vc143\mocd\moc_dialogairfoildesigner.cpp
c:\opencascade-7.7.0-vc14-64\opencascade-7.7.0\samples\qt\flighttechaerodynamics\win64\vc143\mocd\moc_dialogterrain.cpp
c:\opencascade-7.7.0-vc14-64\opencascade-7.7.0\samples\qt\flighttechaerodynamics\win64\vc143\mocd\moc_mainwidget.cpp
c:\opencascade-7.7.0-vc14-64\opencascade-7.7.0\samples\qt\flighttechaerodynamics\win64\vc143\mocd\moc_mainwidget_supplement_1.cpp
c:\opencascade-7.7.0-vc14-64\opencascade-7.7.0\samples\qt\flighttechaerodynamics\win64\vc143\mocd\moc_mainwidget_supplement_2.cpp
c:\opencascade-7.7.0-vc14-64\opencascade-7.7.0\samples\qt\flighttechaerodynamics\win64\vc143\mocd\moc_mainwidget_supplement_3.cpp
c:\opencascade-7.7.0-vc14-64\opencascade-7.7.0\samples\qt\flighttechaerodynamics\win64\vc143\mocd\moc_mainwidget_supplement_4.cpp
c:\opencascade-7.7.0-vc14-64\opencascade-7.7.0\samples\qt\flighttechaerodynamics\win64\vc143\mocd\moc_mainwindow.cpp
c:\opencascade-7.7.0-vc14-64\opencascade-7.7.0\samples\qt\flighttechaerodynamics\win64\vc143\mocd\moc_predefs.h
c:\opencascade-7.7.0-vc14-64\opencascade-7.7.0\samples\qt\flighttechaerodynamics\ui_dialog_console.h
c:\opencascade-7.7.0-vc14-64\opencascade-7.7.0\samples\qt\flighttechaerodynamics\ui_dialogairfoildesigner.h
c:\opencascade-7.7.0-vc14-64\opencascade-7.7.0\samples\qt\flighttechaerodynamics\ui_dialogcontroller.h
c:\opencascade-7.7.0-vc14-64\opencascade-7.7.0\samples\qt\flighttechaerodynamics\ui_dialogterrain.h
c:\opencascade-7.7.0-vc14-64\opencascade-7.7.0\samples\qt\flighttechaerodynamics\ui_mainwindow.h
c:\opencascade-7.7.0-vc14-64\opencascade-7.7.0\samples\qt\flighttechaerodynamics\debug\qrc_shaders.cpp
c:\opencascade-7.7.0-vc14-64\opencascade-7.7.0\samples\qt\flighttechaerodynamics\debug\qrc_textures.cpp
c:\opencascade-7.7.0-vc14-64\opencascade-7.7.0\samples\qt\flighttechaerodynamics\common-icon.qm
c:\opencascade-7.7.0-vc14-64\opencascade-7.7.0\samples\qt\flighttechaerodynamics\common-string.qm
c:\opencascade-7.7.0-vc14-64\opencascade-7.7.0\samples\qt\flighttechaerodynamics\interface-string.qm
c:\opencascade-7.7.0-vc14-64\opencascade-7.7.0\samples\qt\flighttechaerodynamics\tutorial-icon.qm
c:\opencascade-7.7.0-vc14-64\opencascade-7.7.0\samples\qt\flighttechaerodynamics\tutorial-string.qm
c:\opencascade-7.7.0-vc14-64\opencascade-7.7.0\samples\qt\flighttechaerodynamics\bottle.png
c:\opencascade-7.7.0-vc14-64\opencascade-7.7.0\samples\qt\flighttechaerodynamics\sampleimportexport.png
c:\opencascade-7.7.0-vc14-64\opencascade-7.7.0\samples\qt\flighttechaerodynamics\antialiasing.png
c:\opencascade-7.7.0-vc14-64\opencascade-7.7.0\samples\qt\flighttechaerodynamics\cascade.png
c:\opencascade-7.7.0-vc14-64\opencascade-7.7.0\samples\qt\flighttechaerodynamics\close.png
c:\opencascade-7.7.0-vc14-64\opencascade-7.7.0\samples\qt\flighttechaerodynamics\cursor_rotate.png
c:\opencascade-7.7.0-vc14-64\opencascade-7.7.0\samples\qt\flighttechaerodynamics\cursor_zoom.png
c:\opencascade-7.7.0-vc14-64\opencascade-7.7.0\samples\qt\flighttechaerodynamics\document.png
c:\opencascade-7.7.0-vc14-64\opencascade-7.7.0\samples\qt\flighttechaerodynamics\help.png
c:\opencascade-7.7.0-vc14-64\opencascade-7.7.0\samples\qt\flighttechaerodynamics\lamp.png
c:\opencascade-7.7.0-vc14-64\opencascade-7.7.0\samples\qt\flighttechaerodynamics\new.png
c:\opencascade-7.7.0-vc14-64\opencascade-7.7.0\samples\qt\flighttechaerodynamics\raytracing.png
c:\opencascade-7.7.0-vc14-64\opencascade-7.7.0\samples\qt\flighttechaerodynamics\reflections.png
c:\opencascade-7.7.0-vc14-64\opencascade-7.7.0\samples\qt\flighttechaerodynamics\shadows.png
c:\opencascade-7.7.0-vc14-64\opencascade-7.7.0\samples\qt\flighttechaerodynamics\tile.png
c:\opencascade-7.7.0-vc14-64\opencascade-7.7.0\samples\qt\flighttechaerodynamics\tool-shading.png
c:\opencascade-7.7.0-vc14-64\opencascade-7.7.0\samples\qt\flighttechaerodynamics\tool_color.png
c:\opencascade-7.7.0-vc14-64\opencascade-7.7.0\samples\qt\flighttechaerodynamics\tool_delete.png
c:\opencascade-7.7.0-vc14-64\opencascade-7.7.0\samples\qt\flighttechaerodynamics\tool_material.png
c:\opencascade-7.7.0-vc14-64\opencascade-7.7.0\samples\qt\flighttechaerodynamics\tool_shading.png
c:\opencascade-7.7.0-vc14-64\opencascade-7.7.0\samples\qt\flighttechaerodynamics\tool_transparency.png
c:\opencascade-7.7.0-vc14-64\opencascade-7.7.0\samples\qt\flighttechaerodynamics\tool_wireframe.png
c:\opencascade-7.7.0-vc14-64\opencascade-7.7.0\samples\qt\flighttechaerodynamics\view_axo.png
c:\opencascade-7.7.0-vc14-64\opencascade-7.7.0\samples\qt\flighttechaerodynamics\view_back.png
c:\opencascade-7.7.0-vc14-64\opencascade-7.7.0\samples\qt\flighttechaerodynamics\view_bottom.png
c:\opencascade-7.7.0-vc14-64\opencascade-7.7.0\samples\qt\flighttechaerodynamics\view_comp_off.png
c:\opencascade-7.7.0-vc14-64\opencascade-7.7.0\samples\qt\flighttechaerodynamics\view_comp_on.png
c:\opencascade-7.7.0-vc14-64\opencascade-7.7.0\samples\qt\flighttechaerodynamics\view_fitall.png
c:\opencascade-7.7.0-vc14-64\opencascade-7.7.0\samples\qt\flighttechaerodynamics\view_fitarea.png
c:\opencascade-7.7.0-vc14-64\opencascade-7.7.0\samples\qt\flighttechaerodynamics\view_front.png
c:\opencascade-7.7.0-vc14-64\opencascade-7.7.0\samples\qt\flighttechaerodynamics\view_glpan.png
c:\opencascade-7.7.0-vc14-64\opencascade-7.7.0\samples\qt\flighttechaerodynamics\view_left.png
c:\opencascade-7.7.0-vc14-64\opencascade-7.7.0\samples\qt\flighttechaerodynamics\view_pan.png
c:\opencascade-7.7.0-vc14-64\opencascade-7.7.0\samples\qt\flighttechaerodynamics\view_reset.png
c:\opencascade-7.7.0-vc14-64\opencascade-7.7.0\samples\qt\flighttechaerodynamics\view_right.png
c:\opencascade-7.7.0-vc14-64\opencascade-7.7.0\samples\qt\flighttechaerodynamics\view_rotate.png
c:\opencascade-7.7.0-vc14-64\opencascade-7.7.0\samples\qt\flighttechaerodynamics\view_top.png
c:\opencascade-7.7.0-vc14-64\opencascade-7.7.0\samples\qt\flighttechaerodynamics\view_zoom.png
c:\opencascade-7.7.0-vc14-64\opencascade-7.7.0\samples\qt\flighttechaerodynamics\x64\debug\vc143.pdb
c:\opencascade-7.7.0-vc14-64\opencascade-7.7.0\samples\qt\flighttechaerodynamics\x64\debug\flightte.d8c43b7b.tlog\cl.command.1.tlog
c:\opencascade-7.7.0-vc14-64\opencascade-7.7.0\samples\qt\flighttechaerodynamics\x64\debug\flightte.d8c43b7b.tlog\custombuild.command.1.tlog
c:\opencascade-7.7.0-vc14-64\opencascade-7.7.0\samples\qt\flighttechaerodynamics\x64\debug\flightte.d8c43b7b.tlog\custombuild.read.1.tlog
c:\opencascade-7.7.0-vc14-64\opencascade-7.7.0\samples\qt\flighttechaerodynamics\x64\debug\flightte.d8c43b7b.tlog\custombuild.write.1.tlog
