  LRELEASE ../Common/src/Common-icon.ts
  Updating 'C:\OpenCASCADE-7.6.0-vc14-64\opencascade-7.6.0\samples\qt\tutorial\winwnt\vc143\res/Common-icon.qm'...
      Generated 35 translation(s) (35 finished and 0 unfinished)
  LRELEASE ../Common/src/Common-string.ts
  Updating 'C:\OpenCASCADE-7.6.0-vc14-64\opencascade-7.6.0\samples\qt\tutorial\winwnt\vc143\res/Common-string.qm'...
      Generated 113 translation(s) (113 finished and 0 unfinished)
  LRELEASE src/Tutorial-icon.ts
  Updating 'C:\OpenCASCADE-7.6.0-vc14-64\opencascade-7.6.0\samples\qt\tutorial\winwnt\vc143\res/Tutorial-icon.qm'...
      Generated 1 translation(s) (1 finished and 0 unfinished)
  LRELEASE src/Tutorial-string.ts
  Updating 'C:\OpenCASCADE-7.6.0-vc14-64\opencascade-7.6.0\samples\qt\tutorial\winwnt\vc143\res/Tutorial-string.qm'...
      Generated 5 translation(s) (5 finished and 0 unfinished)
  Copy resource res/Bottle.png
  Copy resource res/SampleImportExport.png
  Copy resource ../Common/res/antialiasing.png
  Copy resource ../Common/res/cascade.png
  Copy resource ../Common/res/close.png
  Copy resource ../Common/res/cursor_rotate.png
  Copy resource ../Common/res/cursor_zoom.png
  Copy resource ../Common/res/document.png
  Copy resource ../Common/res/help.png
  Copy resource ../Common/res/lamp.png
  Copy resource ../Common/res/new.png
  Copy resource ../Common/res/raytracing.png
  Copy resource ../Common/res/reflections.png
  Copy resource ../Common/res/shadows.png
  Copy resource ../Common/res/tile.png
  Copy resource ../Common/res/tool-shading.png
  Copy resource ../Common/res/tool_color.png
  Copy resource ../Common/res/tool_delete.png
  Copy resource ../Common/res/tool_material.png
  Copy resource ../Common/res/tool_shading.png
  Copy resource ../Common/res/tool_transparency.png
  Copy resource ../Common/res/tool_wireframe.png
  Copy resource ../Common/res/view_axo.png
  Copy resource ../Common/res/view_back.png
  Copy resource ../Common/res/view_bottom.png
  Copy resource ../Common/res/view_comp_off.png
  Copy resource ../Common/res/view_comp_on.png
  Copy resource ../Common/res/view_fitall.png
  Copy resource ../Common/res/view_fitarea.png
  Copy resource ../Common/res/view_front.png
  Copy resource ../Common/res/view_glpan.png
  Copy resource ../Common/res/view_left.png
  Copy resource ../Common/res/view_pan.png
  Copy resource ../Common/res/view_reset.png
  Copy resource ../Common/res/view_right.png
  Copy resource ../Common/res/view_rotate.png
  Copy resource ../Common/res/view_top.png
  Copy resource ../Common/res/view_zoom.png
C:\Program Files\Microsoft Visual Studio\2022\Community\MSBuild\Microsoft\VC\v170\Microsoft.CppCommon.targets(245,5): warning MSB8065: Custom build for item "..\Common\src\Common-icon.ts" succeeded, but specified output "c:\opencascade-7.6.0-vc14-64\opencascade-7.6.0\samples\qt\tutorial\common-icon.qm" has not been created. This may cause incremental build to work incorrectly.
C:\Program Files\Microsoft Visual Studio\2022\Community\MSBuild\Microsoft\VC\v170\Microsoft.CppCommon.targets(245,5): warning MSB8065: Custom build for item "..\Common\src\Common-string.ts" succeeded, but specified output "c:\opencascade-7.6.0-vc14-64\opencascade-7.6.0\samples\qt\tutorial\common-string.qm" has not been created. This may cause incremental build to work incorrectly.
C:\Program Files\Microsoft Visual Studio\2022\Community\MSBuild\Microsoft\VC\v170\Microsoft.CppCommon.targets(245,5): warning MSB8065: Custom build for item "src\Tutorial-icon.ts" succeeded, but specified output "c:\opencascade-7.6.0-vc14-64\opencascade-7.6.0\samples\qt\tutorial\tutorial-icon.qm" has not been created. This may cause incremental build to work incorrectly.
C:\Program Files\Microsoft Visual Studio\2022\Community\MSBuild\Microsoft\VC\v170\Microsoft.CppCommon.targets(245,5): warning MSB8065: Custom build for item "src\Tutorial-string.ts" succeeded, but specified output "c:\opencascade-7.6.0-vc14-64\opencascade-7.6.0\samples\qt\tutorial\tutorial-string.qm" has not been created. This may cause incremental build to work incorrectly.
C:\Program Files\Microsoft Visual Studio\2022\Community\MSBuild\Microsoft\VC\v170\Microsoft.CppCommon.targets(245,5): warning MSB8065: Custom build for item "res\Bottle.png" succeeded, but specified output "c:\opencascade-7.6.0-vc14-64\opencascade-7.6.0\samples\qt\tutorial\bottle.png" has not been created. This may cause incremental build to work incorrectly.
C:\Program Files\Microsoft Visual Studio\2022\Community\MSBuild\Microsoft\VC\v170\Microsoft.CppCommon.targets(245,5): warning MSB8065: Custom build for item "res\SampleImportExport.png" succeeded, but specified output "c:\opencascade-7.6.0-vc14-64\opencascade-7.6.0\samples\qt\tutorial\sampleimportexport.png" has not been created. This may cause incremental build to work incorrectly.
C:\Program Files\Microsoft Visual Studio\2022\Community\MSBuild\Microsoft\VC\v170\Microsoft.CppCommon.targets(245,5): warning MSB8065: Custom build for item "..\Common\res\antialiasing.png" succeeded, but specified output "c:\opencascade-7.6.0-vc14-64\opencascade-7.6.0\samples\qt\tutorial\antialiasing.png" has not been created. This may cause incremental build to work incorrectly.
C:\Program Files\Microsoft Visual Studio\2022\Community\MSBuild\Microsoft\VC\v170\Microsoft.CppCommon.targets(245,5): warning MSB8065: Custom build for item "..\Common\res\cascade.png" succeeded, but specified output "c:\opencascade-7.6.0-vc14-64\opencascade-7.6.0\samples\qt\tutorial\cascade.png" has not been created. This may cause incremental build to work incorrectly.
C:\Program Files\Microsoft Visual Studio\2022\Community\MSBuild\Microsoft\VC\v170\Microsoft.CppCommon.targets(245,5): warning MSB8065: Custom build for item "..\Common\res\close.png" succeeded, but specified output "c:\opencascade-7.6.0-vc14-64\opencascade-7.6.0\samples\qt\tutorial\close.png" has not been created. This may cause incremental build to work incorrectly.
C:\Program Files\Microsoft Visual Studio\2022\Community\MSBuild\Microsoft\VC\v170\Microsoft.CppCommon.targets(245,5): warning MSB8065: Custom build for item "..\Common\res\cursor_rotate.png" succeeded, but specified output "c:\opencascade-7.6.0-vc14-64\opencascade-7.6.0\samples\qt\tutorial\cursor_rotate.png" has not been created. This may cause incremental build to work incorrectly.
C:\Program Files\Microsoft Visual Studio\2022\Community\MSBuild\Microsoft\VC\v170\Microsoft.CppCommon.targets(245,5): warning MSB8065: Custom build for item "..\Common\res\cursor_zoom.png" succeeded, but specified output "c:\opencascade-7.6.0-vc14-64\opencascade-7.6.0\samples\qt\tutorial\cursor_zoom.png" has not been created. This may cause incremental build to work incorrectly.
C:\Program Files\Microsoft Visual Studio\2022\Community\MSBuild\Microsoft\VC\v170\Microsoft.CppCommon.targets(245,5): warning MSB8065: Custom build for item "..\Common\res\document.png" succeeded, but specified output "c:\opencascade-7.6.0-vc14-64\opencascade-7.6.0\samples\qt\tutorial\document.png" has not been created. This may cause incremental build to work incorrectly.
C:\Program Files\Microsoft Visual Studio\2022\Community\MSBuild\Microsoft\VC\v170\Microsoft.CppCommon.targets(245,5): warning MSB8065: Custom build for item "..\Common\res\help.png" succeeded, but specified output "c:\opencascade-7.6.0-vc14-64\opencascade-7.6.0\samples\qt\tutorial\help.png" has not been created. This may cause incremental build to work incorrectly.
C:\Program Files\Microsoft Visual Studio\2022\Community\MSBuild\Microsoft\VC\v170\Microsoft.CppCommon.targets(245,5): warning MSB8065: Custom build for item "..\Common\res\lamp.png" succeeded, but specified output "c:\opencascade-7.6.0-vc14-64\opencascade-7.6.0\samples\qt\tutorial\lamp.png" has not been created. This may cause incremental build to work incorrectly.
C:\Program Files\Microsoft Visual Studio\2022\Community\MSBuild\Microsoft\VC\v170\Microsoft.CppCommon.targets(245,5): warning MSB8065: Custom build for item "..\Common\res\new.png" succeeded, but specified output "c:\opencascade-7.6.0-vc14-64\opencascade-7.6.0\samples\qt\tutorial\new.png" has not been created. This may cause incremental build to work incorrectly.
C:\Program Files\Microsoft Visual Studio\2022\Community\MSBuild\Microsoft\VC\v170\Microsoft.CppCommon.targets(245,5): warning MSB8065: Custom build for item "..\Common\res\raytracing.png" succeeded, but specified output "c:\opencascade-7.6.0-vc14-64\opencascade-7.6.0\samples\qt\tutorial\raytracing.png" has not been created. This may cause incremental build to work incorrectly.
C:\Program Files\Microsoft Visual Studio\2022\Community\MSBuild\Microsoft\VC\v170\Microsoft.CppCommon.targets(245,5): warning MSB8065: Custom build for item "..\Common\res\reflections.png" succeeded, but specified output "c:\opencascade-7.6.0-vc14-64\opencascade-7.6.0\samples\qt\tutorial\reflections.png" has not been created. This may cause incremental build to work incorrectly.
C:\Program Files\Microsoft Visual Studio\2022\Community\MSBuild\Microsoft\VC\v170\Microsoft.CppCommon.targets(245,5): warning MSB8065: Custom build for item "..\Common\res\shadows.png" succeeded, but specified output "c:\opencascade-7.6.0-vc14-64\opencascade-7.6.0\samples\qt\tutorial\shadows.png" has not been created. This may cause incremental build to work incorrectly.
C:\Program Files\Microsoft Visual Studio\2022\Community\MSBuild\Microsoft\VC\v170\Microsoft.CppCommon.targets(245,5): warning MSB8065: Custom build for item "..\Common\res\tile.png" succeeded, but specified output "c:\opencascade-7.6.0-vc14-64\opencascade-7.6.0\samples\qt\tutorial\tile.png" has not been created. This may cause incremental build to work incorrectly.
C:\Program Files\Microsoft Visual Studio\2022\Community\MSBuild\Microsoft\VC\v170\Microsoft.CppCommon.targets(245,5): warning MSB8065: Custom build for item "..\Common\res\tool-shading.png" succeeded, but specified output "c:\opencascade-7.6.0-vc14-64\opencascade-7.6.0\samples\qt\tutorial\tool-shading.png" has not been created. This may cause incremental build to work incorrectly.
C:\Program Files\Microsoft Visual Studio\2022\Community\MSBuild\Microsoft\VC\v170\Microsoft.CppCommon.targets(245,5): warning MSB8065: Custom build for item "..\Common\res\tool_color.png" succeeded, but specified output "c:\opencascade-7.6.0-vc14-64\opencascade-7.6.0\samples\qt\tutorial\tool_color.png" has not been created. This may cause incremental build to work incorrectly.
C:\Program Files\Microsoft Visual Studio\2022\Community\MSBuild\Microsoft\VC\v170\Microsoft.CppCommon.targets(245,5): warning MSB8065: Custom build for item "..\Common\res\tool_delete.png" succeeded, but specified output "c:\opencascade-7.6.0-vc14-64\opencascade-7.6.0\samples\qt\tutorial\tool_delete.png" has not been created. This may cause incremental build to work incorrectly.
C:\Program Files\Microsoft Visual Studio\2022\Community\MSBuild\Microsoft\VC\v170\Microsoft.CppCommon.targets(245,5): warning MSB8065: Custom build for item "..\Common\res\tool_material.png" succeeded, but specified output "c:\opencascade-7.6.0-vc14-64\opencascade-7.6.0\samples\qt\tutorial\tool_material.png" has not been created. This may cause incremental build to work incorrectly.
C:\Program Files\Microsoft Visual Studio\2022\Community\MSBuild\Microsoft\VC\v170\Microsoft.CppCommon.targets(245,5): warning MSB8065: Custom build for item "..\Common\res\tool_shading.png" succeeded, but specified output "c:\opencascade-7.6.0-vc14-64\opencascade-7.6.0\samples\qt\tutorial\tool_shading.png" has not been created. This may cause incremental build to work incorrectly.
C:\Program Files\Microsoft Visual Studio\2022\Community\MSBuild\Microsoft\VC\v170\Microsoft.CppCommon.targets(245,5): warning MSB8065: Custom build for item "..\Common\res\tool_transparency.png" succeeded, but specified output "c:\opencascade-7.6.0-vc14-64\opencascade-7.6.0\samples\qt\tutorial\tool_transparency.png" has not been created. This may cause incremental build to work incorrectly.
C:\Program Files\Microsoft Visual Studio\2022\Community\MSBuild\Microsoft\VC\v170\Microsoft.CppCommon.targets(245,5): warning MSB8065: Custom build for item "..\Common\res\tool_wireframe.png" succeeded, but specified output "c:\opencascade-7.6.0-vc14-64\opencascade-7.6.0\samples\qt\tutorial\tool_wireframe.png" has not been created. This may cause incremental build to work incorrectly.
C:\Program Files\Microsoft Visual Studio\2022\Community\MSBuild\Microsoft\VC\v170\Microsoft.CppCommon.targets(245,5): warning MSB8065: Custom build for item "..\Common\res\view_axo.png" succeeded, but specified output "c:\opencascade-7.6.0-vc14-64\opencascade-7.6.0\samples\qt\tutorial\view_axo.png" has not been created. This may cause incremental build to work incorrectly.
C:\Program Files\Microsoft Visual Studio\2022\Community\MSBuild\Microsoft\VC\v170\Microsoft.CppCommon.targets(245,5): warning MSB8065: Custom build for item "..\Common\res\view_back.png" succeeded, but specified output "c:\opencascade-7.6.0-vc14-64\opencascade-7.6.0\samples\qt\tutorial\view_back.png" has not been created. This may cause incremental build to work incorrectly.
C:\Program Files\Microsoft Visual Studio\2022\Community\MSBuild\Microsoft\VC\v170\Microsoft.CppCommon.targets(245,5): warning MSB8065: Custom build for item "..\Common\res\view_bottom.png" succeeded, but specified output "c:\opencascade-7.6.0-vc14-64\opencascade-7.6.0\samples\qt\tutorial\view_bottom.png" has not been created. This may cause incremental build to work incorrectly.
C:\Program Files\Microsoft Visual Studio\2022\Community\MSBuild\Microsoft\VC\v170\Microsoft.CppCommon.targets(245,5): warning MSB8065: Custom build for item "..\Common\res\view_comp_off.png" succeeded, but specified output "c:\opencascade-7.6.0-vc14-64\opencascade-7.6.0\samples\qt\tutorial\view_comp_off.png" has not been created. This may cause incremental build to work incorrectly.
C:\Program Files\Microsoft Visual Studio\2022\Community\MSBuild\Microsoft\VC\v170\Microsoft.CppCommon.targets(245,5): warning MSB8065: Custom build for item "..\Common\res\view_comp_on.png" succeeded, but specified output "c:\opencascade-7.6.0-vc14-64\opencascade-7.6.0\samples\qt\tutorial\view_comp_on.png" has not been created. This may cause incremental build to work incorrectly.
C:\Program Files\Microsoft Visual Studio\2022\Community\MSBuild\Microsoft\VC\v170\Microsoft.CppCommon.targets(245,5): warning MSB8065: Custom build for item "..\Common\res\view_fitall.png" succeeded, but specified output "c:\opencascade-7.6.0-vc14-64\opencascade-7.6.0\samples\qt\tutorial\view_fitall.png" has not been created. This may cause incremental build to work incorrectly.
C:\Program Files\Microsoft Visual Studio\2022\Community\MSBuild\Microsoft\VC\v170\Microsoft.CppCommon.targets(245,5): warning MSB8065: Custom build for item "..\Common\res\view_fitarea.png" succeeded, but specified output "c:\opencascade-7.6.0-vc14-64\opencascade-7.6.0\samples\qt\tutorial\view_fitarea.png" has not been created. This may cause incremental build to work incorrectly.
C:\Program Files\Microsoft Visual Studio\2022\Community\MSBuild\Microsoft\VC\v170\Microsoft.CppCommon.targets(245,5): warning MSB8065: Custom build for item "..\Common\res\view_front.png" succeeded, but specified output "c:\opencascade-7.6.0-vc14-64\opencascade-7.6.0\samples\qt\tutorial\view_front.png" has not been created. This may cause incremental build to work incorrectly.
C:\Program Files\Microsoft Visual Studio\2022\Community\MSBuild\Microsoft\VC\v170\Microsoft.CppCommon.targets(245,5): warning MSB8065: Custom build for item "..\Common\res\view_glpan.png" succeeded, but specified output "c:\opencascade-7.6.0-vc14-64\opencascade-7.6.0\samples\qt\tutorial\view_glpan.png" has not been created. This may cause incremental build to work incorrectly.
C:\Program Files\Microsoft Visual Studio\2022\Community\MSBuild\Microsoft\VC\v170\Microsoft.CppCommon.targets(245,5): warning MSB8065: Custom build for item "..\Common\res\view_left.png" succeeded, but specified output "c:\opencascade-7.6.0-vc14-64\opencascade-7.6.0\samples\qt\tutorial\view_left.png" has not been created. This may cause incremental build to work incorrectly.
C:\Program Files\Microsoft Visual Studio\2022\Community\MSBuild\Microsoft\VC\v170\Microsoft.CppCommon.targets(245,5): warning MSB8065: Custom build for item "..\Common\res\view_pan.png" succeeded, but specified output "c:\opencascade-7.6.0-vc14-64\opencascade-7.6.0\samples\qt\tutorial\view_pan.png" has not been created. This may cause incremental build to work incorrectly.
C:\Program Files\Microsoft Visual Studio\2022\Community\MSBuild\Microsoft\VC\v170\Microsoft.CppCommon.targets(245,5): warning MSB8065: Custom build for item "..\Common\res\view_reset.png" succeeded, but specified output "c:\opencascade-7.6.0-vc14-64\opencascade-7.6.0\samples\qt\tutorial\view_reset.png" has not been created. This may cause incremental build to work incorrectly.
C:\Program Files\Microsoft Visual Studio\2022\Community\MSBuild\Microsoft\VC\v170\Microsoft.CppCommon.targets(245,5): warning MSB8065: Custom build for item "..\Common\res\view_right.png" succeeded, but specified output "c:\opencascade-7.6.0-vc14-64\opencascade-7.6.0\samples\qt\tutorial\view_right.png" has not been created. This may cause incremental build to work incorrectly.
C:\Program Files\Microsoft Visual Studio\2022\Community\MSBuild\Microsoft\VC\v170\Microsoft.CppCommon.targets(245,5): warning MSB8065: Custom build for item "..\Common\res\view_rotate.png" succeeded, but specified output "c:\opencascade-7.6.0-vc14-64\opencascade-7.6.0\samples\qt\tutorial\view_rotate.png" has not been created. This may cause incremental build to work incorrectly.
C:\Program Files\Microsoft Visual Studio\2022\Community\MSBuild\Microsoft\VC\v170\Microsoft.CppCommon.targets(245,5): warning MSB8065: Custom build for item "..\Common\res\view_top.png" succeeded, but specified output "c:\opencascade-7.6.0-vc14-64\opencascade-7.6.0\samples\qt\tutorial\view_top.png" has not been created. This may cause incremental build to work incorrectly.
C:\Program Files\Microsoft Visual Studio\2022\Community\MSBuild\Microsoft\VC\v170\Microsoft.CppCommon.targets(245,5): warning MSB8065: Custom build for item "..\Common\res\view_zoom.png" succeeded, but specified output "c:\opencascade-7.6.0-vc14-64\opencascade-7.6.0\samples\qt\tutorial\view_zoom.png" has not been created. This may cause incremental build to work incorrectly.
  Tutorial.vcxproj -> C:\OpenCASCADE-7.6.0-vc14-64\opencascade-7.6.0\samples\qt\tutorial\x64\Debug\Tutorial.exe
